  main.cpp
C:\Users\simon.igelstrom\Documents\GitHub\GamerEngine\GamerEngine\Engine\source\elems\camera.h(101,23): warning C4244: 'argument': conversion from 'double' to 'float', possible loss of data
  Entity.cpp
  Scene.cpp
  ContentBrowserPanel.cpp
  InspectorPanel.cpp
C:\Users\simon.igelstrom\Documents\GitHub\GamerEngine\GamerEngine\Engine\source\elems\camera.h(101,23): warning C4244: 'argument': conversion from 'double' to 'float', possible loss of data
  scene_view.cpp
C:\Users\simon.igelstrom\Documents\GitHub\GamerEngine\GamerEngine\Engine\source\elems\camera.h(101,23): warning C4244: 'argument': conversion from 'double' to 'float', possible loss of data
C:\Users\simon.igelstrom\Documents\GitHub\GamerEngine\GamerEngine\Engine\source\ui\scene_view.cpp(10,13): warning C4244: '=': conversion from 'int32_t' to 'T', possible loss of data
          with
          [
              T=float
          ]
C:\Users\simon.igelstrom\Documents\GitHub\GamerEngine\GamerEngine\Engine\source\ui\scene_view.cpp(11,13): warning C4244: '=': conversion from 'int32_t' to 'T', possible loss of data
          with
          [
              T=float
          ]
  property_panel.cpp
C:\Users\simon.igelstrom\Documents\GitHub\GamerEngine\GamerEngine\Engine\source\elems\camera.h(101,23): warning C4244: 'argument': conversion from 'double' to 'float', possible loss of data
  opengl_context.cpp
  Application.cpp
C:\Users\simon.igelstrom\Documents\GitHub\GamerEngine\GamerEngine\Engine\source\elems\camera.h(101,23): warning C4244: 'argument': conversion from 'double' to 'float', possible loss of data
  element.cpp
  face.cpp
  vertex_holder.cpp
  opengl_buffer_manager.cpp
  ui_context.cpp
  Engine_window.cpp
C:\Users\simon.igelstrom\Documents\GitHub\GamerEngine\GamerEngine\Engine\source\elems\camera.h(101,23): warning C4244: 'argument': conversion from 'double' to 'float', possible loss of data
  mesh.cpp
  import_obj.cpp
  shader_util.cpp
  Generating Code...
LINK : warning LNK4098: defaultlib 'MSVCRT' conflicts with use of other libs; use /NODEFAULTLIB:library
LINK : warning LNK4098: defaultlib 'LIBCMT' conflicts with use of other libs; use /NODEFAULTLIB:library
glew32s.lib(glew.obj) : warning LNK4099: PDB '' was not found with 'glew32s.lib(glew.obj)' or at ''; linking object as if no debug info
  Engine.vcxproj -> C:\Users\simon.igelstrom\Documents\GitHub\GamerEngine\Build\GamerEngine-Debug.exe
