d:\github\2dgameengine_client2\2dgameengine\x64\debug\vc142.pdb
d:\github\2dgameengine_client2\2dgameengine\x64\debug\vc142.idb
d:\github\2dgameengine_client2\2dgameengine\x64\debug\vector2d.obj
d:\github\2dgameengine_client2\2dgameengine\x64\debug\texturemanager.obj
d:\github\2dgameengine_client2\2dgameengine\x64\debug\map.obj
d:\github\2dgameengine_client2\2dgameengine\x64\debug\main.obj
d:\github\2dgameengine_client2\2dgameengine\x64\debug\gameobject.obj
d:\github\2dgameengine_client2\2dgameengine\x64\debug\game.obj
d:\github\2dgameengine_client2\2dgameengine\x64\debug\collision.obj
d:\github\2dgameengine_client2\2dgameengine\x64\debug\splashscreen.obj
d:\github\2dgameengine_client2\2dgameengine\x64\debug\gridsectorizer.obj
d:\github\2dgameengine_client2\2dgameengine\x64\debug\fullyconnectedmesh2.obj
d:\github\2dgameengine_client2\2dgameengine\x64\debug\filelisttransfer.obj
d:\github\2dgameengine_client2\2dgameengine\x64\debug\dyndns.obj
d:\github\2dgameengine_client2\2dgameengine\x64\debug\ds_bytequeue.obj
d:\github\2dgameengine_client2\2dgameengine\x64\debug\ds_bytepool.obj
d:\github\2dgameengine_client2\2dgameengine\x64\debug\dr_sha1.obj
d:\github\2dgameengine_client2\2dgameengine\x64\debug\datacompressor.obj
d:\github\2dgameengine_client2\2dgameengine\x64\debug\ccraknetslidingwindow.obj
d:\github\2dgameengine_client2\2dgameengine\x64\debug\raknetsocket2_360_720.obj
d:\github\2dgameengine_client2\2dgameengine\x64\debug\raknetcommandparser.obj
d:\github\2dgameengine_client2\2dgameengine\x64\debug\rakmemoryoverride.obj
d:\github\2dgameengine_client2\2dgameengine\x64\debug\packetoutputwindowlogger.obj
d:\github\2dgameengine_client2\2dgameengine\x64\debug\packetizedtcp.obj
d:\github\2dgameengine_client2\2dgameengine\x64\debug\networkidmanager.obj
d:\github\2dgameengine_client2\2dgameengine\x64\debug\nattypedetectionclient.obj
d:\github\2dgameengine_client2\2dgameengine\x64\debug\messagefilter.obj
d:\github\2dgameengine_client2\2dgameengine\x64\debug\linuxstrings.obj
d:\github\2dgameengine_client2\2dgameengine\x64\debug\itoa.obj
d:\github\2dgameengine_client2\2dgameengine\x64\debug\twowayauthentication.obj
d:\github\2dgameengine_client2\2dgameengine\x64\debug\tableserializer.obj
d:\github\2dgameengine_client2\2dgameengine\x64\debug\statisticshistory.obj
d:\github\2dgameengine_client2\2dgameengine\x64\debug\securehandshake.obj
d:\github\2dgameengine_client2\2dgameengine\x64\debug\router2.obj
d:\github\2dgameengine_client2\2dgameengine\x64\debug\rand.obj
d:\github\2dgameengine_client2\2dgameengine\x64\debug\rakthread.obj
d:\github\2dgameengine_client2\2dgameengine\x64\debug\raksleep.obj
d:\github\2dgameengine_client2\2dgameengine\x64\debug\udpproxyclient.obj
d:\github\2dgameengine_client2\2dgameengine\x64\debug\directorydeltatransfer.obj
d:\github\2dgameengine_client2\2dgameengine\x64\debug\consoleserver.obj
d:\github\2dgameengine_client2\2dgameengine\x64\debug\connectiongraph2.obj
d:\github\2dgameengine_client2\2dgameengine\x64\debug\commandparserinterface.obj
d:\github\2dgameengine_client2\2dgameengine\x64\debug\cloudserver.obj
d:\github\2dgameengine_client2\2dgameengine\x64\debug\cloudcommon.obj
d:\github\2dgameengine_client2\2dgameengine\x64\debug\cloudclient.obj
d:\github\2dgameengine_client2\2dgameengine\x64\debug\checksum.obj
d:\github\2dgameengine_client2\2dgameengine\x64\debug\ccraknetudt.obj
d:\github\2dgameengine_client2\2dgameengine\x64\debug\bitstream.obj
d:\github\2dgameengine_client2\2dgameengine\x64\debug\base64encoder.obj
d:\github\2dgameengine_client2\2dgameengine\x64\debug\incrementalreadinterface.obj
d:\github\2dgameengine_client2\2dgameengine\x64\debug\httpconnection2.obj
d:\github\2dgameengine_client2\2dgameengine\x64\debug\httpconnection.obj
d:\github\2dgameengine_client2\2dgameengine\x64\debug\gettimeofday.obj
d:\github\2dgameengine_client2\2dgameengine\x64\debug\gettime.obj
d:\github\2dgameengine_client2\2dgameengine\x64\debug\gets.obj
d:\github\2dgameengine_client2\2dgameengine\x64\debug\getche.obj
d:\github\2dgameengine_client2\2dgameengine\x64\debug\formatstring.obj
d:\github\2dgameengine_client2\2dgameengine\x64\debug\fileoperations.obj
d:\github\2dgameengine_client2\2dgameengine\x64\debug\filelist.obj
d:\github\2dgameengine_client2\2dgameengine\x64\debug\epochtimetostring.obj
d:\github\2dgameengine_client2\2dgameengine\x64\debug\emailsender.obj
d:\github\2dgameengine_client2\2dgameengine\x64\debug\ds_table.obj
d:\github\2dgameengine_client2\2dgameengine\x64\debug\ds_huffmanencodingtree.obj
d:\github\2dgameengine_client2\2dgameengine\x64\debug\rackspace.obj
d:\github\2dgameengine_client2\2dgameengine\x64\debug\ps4includes.obj
d:\github\2dgameengine_client2\2dgameengine\x64\debug\plugininterface2.obj
d:\github\2dgameengine_client2\2dgameengine\x64\debug\packetlogger.obj
d:\github\2dgameengine_client2\2dgameengine\x64\debug\packetfilelogger.obj
d:\github\2dgameengine_client2\2dgameengine\x64\debug\packetconsolelogger.obj
d:\github\2dgameengine_client2\2dgameengine\x64\debug\networkidobject.obj
d:\github\2dgameengine_client2\2dgameengine\x64\debug\nattypedetectionserver.obj
d:\github\2dgameengine_client2\2dgameengine\x64\debug\nattypedetectioncommon.obj
d:\github\2dgameengine_client2\2dgameengine\x64\debug\natpunchthroughserver.obj
d:\github\2dgameengine_client2\2dgameengine\x64\debug\logcommandparser.obj
d:\github\2dgameengine_client2\2dgameengine\x64\debug\locklesstypes.obj
d:\github\2dgameengine_client2\2dgameengine\x64\debug\rakpeer.obj
d:\github\2dgameengine_client2\2dgameengine\x64\debug\raknettransport2.obj
d:\github\2dgameengine_client2\2dgameengine\x64\debug\raknetstatistics.obj
d:\github\2dgameengine_client2\2dgameengine\x64\debug\raknetsocket2_windows_linux_360.obj
d:\github\2dgameengine_client2\2dgameengine\x64\debug\raknetsocket2_windows_linux.obj
d:\github\2dgameengine_client2\2dgameengine\x64\debug\raknetsocket2_windowsstore8.obj
d:\github\2dgameengine_client2\2dgameengine\x64\debug\raknetsocket2_vita.obj
d:\github\2dgameengine_client2\2dgameengine\x64\debug\raknetsocket2_ps4.obj
d:\github\2dgameengine_client2\2dgameengine\x64\debug\raknetsocket2_ps3_ps4.obj
d:\github\2dgameengine_client2\2dgameengine\x64\debug\raknetsocket2_nativeclient.obj
d:\github\2dgameengine_client2\2dgameengine\x64\debug\raknetsocket2_berkley_nativeclient.obj
d:\github\2dgameengine_client2\2dgameengine\x64\debug\raknetsocket2_berkley.obj
d:\github\2dgameengine_client2\2dgameengine\x64\debug\raknetsocket.obj
d:\github\2dgameengine_client2\2dgameengine\x64\debug\superfasthash.obj
d:\github\2dgameengine_client2\2dgameengine\x64\debug\stringtable.obj
d:\github\2dgameengine_client2\2dgameengine\x64\debug\stringcompressor.obj
d:\github\2dgameengine_client2\2dgameengine\x64\debug\simplemutex.obj
d:\github\2dgameengine_client2\2dgameengine\x64\debug\signaledevent.obj
d:\github\2dgameengine_client2\2dgameengine\x64\debug\sendtothread.obj
d:\github\2dgameengine_client2\2dgameengine\x64\debug\rpc4plugin.obj
d:\github\2dgameengine_client2\2dgameengine\x64\debug\reliabilitylayer.obj
d:\github\2dgameengine_client2\2dgameengine\x64\debug\relayplugin.obj
d:\github\2dgameengine_client2\2dgameengine\x64\debug\readyevent.obj
d:\github\2dgameengine_client2\2dgameengine\x64\debug\randsync.obj
d:\github\2dgameengine_client2\2dgameengine\x64\debug\rakwstring.obj
d:\github\2dgameengine_client2\2dgameengine\x64\debug\_findfirst.obj
d:\github\2dgameengine_client2\2dgameengine\x64\debug\wsastartupsingleton.obj
d:\github\2dgameengine_client2\2dgameengine\x64\debug\vitaincludes.obj
d:\github\2dgameengine_client2\2dgameengine\x64\debug\variadicsqlparser.obj
d:\github\2dgameengine_client2\2dgameengine\x64\debug\variablelistdeltatracker.obj
d:\github\2dgameengine_client2\2dgameengine\x64\debug\variabledeltaserializer.obj
d:\github\2dgameengine_client2\2dgameengine\x64\debug\udpproxyserver.obj
d:\github\2dgameengine_client2\2dgameengine\x64\debug\udpproxycoordinator.obj
d:\github\2dgameengine_client2\2dgameengine\x64\debug\threadsafepacketlogger.obj
d:\github\2dgameengine_client2\2dgameengine\x64\debug\telnettransport.obj
d:\github\2dgameengine_client2\2dgameengine\x64\debug\teammanager.obj
d:\github\2dgameengine_client2\2dgameengine\x64\debug\teambalancer.obj
d:\github\2dgameengine_client2\x64\debug\gamerengine.exe
d:\github\2dgameengine_client2\x64\debug\gamerengine.ilk
d:\github\2dgameengine_client2\x64\debug\gamerengine.pdb
d:\github\2dgameengine_client2\2dgameengine\x64\debug\components.obj
d:\github\2dgameengine_client2\2dgameengine\x64\debug\ecs.obj
d:\github\2dgameengine_client2\2dgameengine\x64\debug\map.obj.enc
d:\github\2dgameengine_client2\2dgameengine\x64\debug\gamerengine.tlog\cl.command.1.tlog
d:\github\2dgameengine_client2\2dgameengine\x64\debug\gamerengine.tlog\cl.read.1.tlog
d:\github\2dgameengine_client2\2dgameengine\x64\debug\gamerengine.tlog\cl.write.1.tlog
d:\github\2dgameengine_client2\2dgameengine\x64\debug\gamerengine.tlog\link.command.1.tlog
d:\github\2dgameengine_client2\2dgameengine\x64\debug\gamerengine.tlog\link.read.1.tlog
d:\github\2dgameengine_client2\2dgameengine\x64\debug\gamerengine.tlog\link.write.1.tlog
