  Game.cpp
  main.cpp
  Generating Code...
Game.obj : error LNK2019: unresolved external symbol _SDL_FreeSurface referenced in function "public: void __thiscall Game::Init(char const *,int,int,int,int,bool)" (?Init@Game@@QAEXPBDHHHH_N@Z)
Game.obj : error LNK2019: unresolved external symbol _SDL_CreateWindow referenced in function "public: void __thiscall Game::Init(char const *,int,int,int,int,bool)" (?Init@Game@@QAEXPBDHHHH_N@Z)
Game.obj : error LNK2019: unresolved external symbol _SDL_DestroyWindow referenced in function "public: void __thiscall Game::Clean(void)" (?Clean@Game@@QAEXXZ)
Game.obj : error LNK2019: unresolved external symbol _SDL_PollEvent referenced in function "public: void __thiscall Game::HandleEvents(void)" (?HandleEvents@Game@@QAEXXZ)
Game.obj : error LNK2019: unresolved external symbol _SDL_CreateRenderer referenced in function "public: void __thiscall Game::Init(char const *,int,int,int,int,bool)" (?Init@Game@@QAEXPBDHHHH_N@Z)
Game.obj : error LNK2019: unresolved external symbol _SDL_CreateTextureFromSurface referenced in function "public: void __thiscall Game::Init(char const *,int,int,int,int,bool)" (?Init@Game@@QAEXPBDHHHH_N@Z)
Game.obj : error LNK2019: unresolved external symbol _SDL_SetRenderDrawColor referenced in function "public: void __thiscall Game::Init(char const *,int,int,int,int,bool)" (?Init@Game@@QAEXPBDHHHH_N@Z)
Game.obj : error LNK2019: unresolved external symbol _SDL_RenderClear referenced in function "public: void __thiscall Game::Render(void)" (?Render@Game@@QAEXXZ)
Game.obj : error LNK2019: unresolved external symbol _SDL_RenderCopy referenced in function "public: void __thiscall Game::Render(void)" (?Render@Game@@QAEXXZ)
Game.obj : error LNK2019: unresolved external symbol _SDL_RenderPresent referenced in function "public: void __thiscall Game::Render(void)" (?Render@Game@@QAEXXZ)
Game.obj : error LNK2019: unresolved external symbol _SDL_DestroyRenderer referenced in function "public: void __thiscall Game::Clean(void)" (?Clean@Game@@QAEXXZ)
Game.obj : error LNK2019: unresolved external symbol _SDL_Init referenced in function "public: void __thiscall Game::Init(char const *,int,int,int,int,bool)" (?Init@Game@@QAEXPBDHHHH_N@Z)
Game.obj : error LNK2019: unresolved external symbol _SDL_Quit referenced in function "public: void __thiscall Game::Clean(void)" (?Clean@Game@@QAEXXZ)
Game.obj : error LNK2019: unresolved external symbol _IMG_Load referenced in function "public: void __thiscall Game::Init(char const *,int,int,int,int,bool)" (?Init@Game@@QAEXPBDHHHH_N@Z)
MSVCRTD.lib(exe_main.obj) : error LNK2019: unresolved external symbol _main referenced in function "int __cdecl invoke_main(void)" (?invoke_main@@YAHXZ)
C:\Users\Zyro\source\repos\2DGameEngine\2DGameEngine\SDL2-2.0.12\lib\x64\SDL2.lib : warning LNK4272: library machine type 'x64' conflicts with target machine type 'x86'
C:\Users\Zyro\source\repos\2DGameEngine\2DGameEngine\SDL2-2.0.12\lib\x64\SDL2main.lib : warning LNK4272: library machine type 'x64' conflicts with target machine type 'x86'
C:\Users\Zyro\source\repos\2DGameEngine\Debug\2DGameEngine.exe : fatal error LNK1120: 15 unresolved externals
